0 info it worked if it ends with ok
1 verbose cli [ '/usr/bin/nodejs', '/usr/bin/npm', 'install', 'xquery' ]
2 info using npm@1.3.10
3 info using node@v0.10.25
4 verbose readDependencies using package.json deps
5 verbose cache add [ 'xquery', null ]
6 verbose cache add name=undefined spec="xquery" args=["xquery",null]
7 verbose parsed url { protocol: null,
7 verbose parsed url   slashes: null,
7 verbose parsed url   auth: null,
7 verbose parsed url   host: null,
7 verbose parsed url   port: null,
7 verbose parsed url   hostname: null,
7 verbose parsed url   hash: null,
7 verbose parsed url   search: null,
7 verbose parsed url   query: null,
7 verbose parsed url   pathname: 'xquery',
7 verbose parsed url   path: 'xquery',
7 verbose parsed url   href: 'xquery' }
8 silly lockFile fa076940-xquery xquery
9 verbose lock xquery /home/jahsenglee/.npm/fa076940-xquery.lock
10 silly lockFile fa076940-xquery xquery
11 silly lockFile fa076940-xquery xquery
12 verbose addNamed [ 'xquery', '' ]
13 verbose addNamed [ null, '*' ]
14 silly lockFile 9d45db2b-xquery xquery@
15 verbose lock xquery@ /home/jahsenglee/.npm/9d45db2b-xquery.lock
16 silly addNameRange { name: 'xquery', range: '*', hasData: false }
17 verbose url raw xquery
18 verbose url resolving [ 'https://registry.npmjs.org/', './xquery' ]
19 verbose url resolved https://registry.npmjs.org/xquery
20 info trying registry request attempt 1 at 23:47:46
21 http GET https://registry.npmjs.org/xquery
22 http 404 https://registry.npmjs.org/xquery
23 silly registry.get cb [ 404,
23 silly registry.get   { 'content-type': 'application/json',
23 silly registry.get     'cache-control': 'max-age=0',
23 silly registry.get     'content-length': '2',
23 silly registry.get     'accept-ranges': 'bytes',
23 silly registry.get     date: 'Sun, 27 Mar 2016 10:47:48 GMT',
23 silly registry.get     via: '1.1 varnish',
23 silly registry.get     age: '0',
23 silly registry.get     connection: 'keep-alive',
23 silly registry.get     'x-served-by': 'cache-wlg7321-WLG',
23 silly registry.get     'x-cache': 'MISS',
23 silly registry.get     'x-cache-hits': '0',
23 silly registry.get     'x-timer': 'S1459075667.784645,VS0,VE683' } ]
24 silly addNameRange number 2 { name: 'xquery', range: '*', hasData: true }
25 silly addNameRange versions [ undefined, [] ]
26 error TypeError: Cannot read property 'latest' of undefined
26 error     at next (/usr/share/npm/lib/cache.js:687:35)
26 error     at /usr/share/npm/lib/cache.js:675:5
26 error     at saved (/usr/share/npm/node_modules/npm-registry-client/lib/get.js:142:7)
26 error     at /usr/lib/nodejs/graceful-fs/polyfills.js:133:7
26 error     at Object.oncomplete (fs.js:107:15)
27 error If you need help, you may report this log at:
27 error     <http://github.com/isaacs/npm/issues>
27 error or email it to:
27 error     <npm-@googlegroups.com>
28 error System Linux 4.2.0-30-generic
29 error command "/usr/bin/nodejs" "/usr/bin/npm" "install" "xquery"
30 error cwd /home/jahsenglee/projects/SWEN303/colenso_project/colenso_view
31 error node -v v0.10.25
32 error npm -v 1.3.10
33 error type non_object_property_load
34 verbose exit [ 1, true ]
